============================= test session starts =============================
platform win32 -- Python 3.11.9, pytest-9.0.2, pluggy-1.6.0
rootdir: C:\Users\eqhsp\.antigravity\A2A_MCP\A2A_MCP
configfile: pytest.ini (WARNING: ignoring pytest config in pyproject.toml!)
plugins: anyio-4.12.1, asyncio-1.3.0
asyncio: mode=Mode.AUTO, debug=False, asyncio_default_fixture_loop_scope=None, asyncio_default_test_loop_scope=function
collected 229 items / 4 errors / 3 skipped

=================================== ERRORS ====================================
__________________ ERROR collecting tests/test_mcp_agents.py __________________
ImportError while importing test module 'C:\Users\eqhsp\.antigravity\A2A_MCP\A2A_MCP\tests\test_mcp_agents.py'.
Hint: make sure your test modules/packages have valid Python names.
Traceback:
..\..\..\AppData\Local\Programs\Python\Python311\Lib\importlib\__init__.py:126: in import_module
    return _bootstrap._gcd_import(name[level:], package, level)
           ^^^^^^^^^^^^^^^^^^^^^^^^^^^^^^^^^^^^^^^^^^^^^^^^^^^^
tests\test_mcp_agents.py:4: in <module>
    from fastmcp import Client
.venv\Lib\site-packages\fastmcp\__init__.py:14: in <module>
    from fastmcp.server.server import FastMCP
.venv\Lib\site-packages\fastmcp\server\__init__.py:1: in <module>
    from .server import FastMCP
.venv\Lib\site-packages\fastmcp\server\server.py:21: in <module>
    import mcp.types
.venv\Lib\site-packages\mcp\__init__.py:1: in <module>
    from .client.session import ClientSession
.venv\Lib\site-packages\mcp\client\session.py:7: in <module>
    from jsonschema import SchemaError, ValidationError, validate
.venv\Lib\site-packages\jsonschema\__init__.py:13: in <module>
    from jsonschema._format import FormatChecker
.venv\Lib\site-packages\jsonschema\_format.py:11: in <module>
    from jsonschema.exceptions import FormatError
.venv\Lib\site-packages\jsonschema\exceptions.py:15: in <module>
    from referencing.exceptions import Unresolvable as _Unresolvable
.venv\Lib\site-packages\referencing\__init__.py:5: in <module>
    from referencing._core import Anchor, Registry, Resource, Specification
.venv\Lib\site-packages\referencing\_core.py:9: in <module>
    from rpds import HashTrieMap, HashTrieSet, List
.venv\Lib\site-packages\rpds\__init__.py:1: in <module>
    from .rpds import *
E   ModuleNotFoundError: No module named 'rpds.rpds'
___________ ERROR collecting tests/test_qube_forensics_validate.py ____________
ImportError while importing test module 'C:\Users\eqhsp\.antigravity\A2A_MCP\A2A_MCP\tests\test_qube_forensics_validate.py'.
Hint: make sure your test modules/packages have valid Python names.
Traceback:
..\..\..\AppData\Local\Programs\Python\Python311\Lib\importlib\__init__.py:126: in import_module
    return _bootstrap._gcd_import(name[level:], package, level)
           ^^^^^^^^^^^^^^^^^^^^^^^^^^^^^^^^^^^^^^^^^^^^^^^^^^^^
tests\test_qube_forensics_validate.py:2: in <module>
    from jsonschema.exceptions import ValidationError
.venv\Lib\site-packages\jsonschema\__init__.py:13: in <module>
    from jsonschema._format import FormatChecker
.venv\Lib\site-packages\jsonschema\_format.py:11: in <module>
    from jsonschema.exceptions import FormatError
.venv\Lib\site-packages\jsonschema\exceptions.py:15: in <module>
    from referencing.exceptions import Unresolvable as _Unresolvable
.venv\Lib\site-packages\referencing\__init__.py:5: in <module>
    from referencing._core import Anchor, Registry, Resource, Specification
.venv\Lib\site-packages\referencing\_core.py:9: in <module>
    from rpds import HashTrieMap, HashTrieSet, List
.venv\Lib\site-packages\rpds\__init__.py:1: in <module>
    from .rpds import *
E   ModuleNotFoundError: No module named 'rpds.rpds'
______________ ERROR collecting tests/test_runtime_mcp_server.py ______________
ImportError while importing test module 'C:\Users\eqhsp\.antigravity\A2A_MCP\A2A_MCP\tests\test_runtime_mcp_server.py'.
Hint: make sure your test modules/packages have valid Python names.
Traceback:
runtime_mcp_server.py:13: in <module>
    from fastmcp import FastMCP
.venv\Lib\site-packages\fastmcp\__init__.py:14: in <module>
    from fastmcp.server.server import FastMCP
.venv\Lib\site-packages\fastmcp\server\__init__.py:1: in <module>
    from .server import FastMCP
.venv\Lib\site-packages\fastmcp\server\server.py:21: in <module>
    import mcp.types
.venv\Lib\site-packages\mcp\__init__.py:1: in <module>
    from .client.session import ClientSession
.venv\Lib\site-packages\mcp\client\session.py:7: in <module>
    from jsonschema import SchemaError, ValidationError, validate
.venv\Lib\site-packages\jsonschema\__init__.py:13: in <module>
    from jsonschema._format import FormatChecker
.venv\Lib\site-packages\jsonschema\_format.py:11: in <module>
    from jsonschema.exceptions import FormatError
.venv\Lib\site-packages\jsonschema\exceptions.py:15: in <module>
    from referencing.exceptions import Unresolvable as _Unresolvable
.venv\Lib\site-packages\referencing\__init__.py:5: in <module>
    from referencing._core import Anchor, Registry, Resource, Specification
.venv\Lib\site-packages\referencing\_core.py:9: in <module>
    from rpds import HashTrieMap, HashTrieSet, List
.venv\Lib\site-packages\rpds\__init__.py:1: in <module>
    from .rpds import *
E   ModuleNotFoundError: No module named 'rpds.rpds'

During handling of the above exception, another exception occurred:
..\..\..\AppData\Local\Programs\Python\Python311\Lib\importlib\__init__.py:126: in import_module
    return _bootstrap._gcd_import(name[level:], package, level)
           ^^^^^^^^^^^^^^^^^^^^^^^^^^^^^^^^^^^^^^^^^^^^^^^^^^^^
tests\test_runtime_mcp_server.py:4: in <module>
    import runtime_mcp_server as runtime_server
runtime_mcp_server.py:15: in <module>
    from mcp.server.fastmcp import FastMCP
.venv\Lib\site-packages\mcp\__init__.py:1: in <module>
    from .client.session import ClientSession
.venv\Lib\site-packages\mcp\client\session.py:7: in <module>
    from jsonschema import SchemaError, ValidationError, validate
.venv\Lib\site-packages\jsonschema\__init__.py:13: in <module>
    from jsonschema._format import FormatChecker
.venv\Lib\site-packages\jsonschema\_format.py:11: in <module>
    from jsonschema.exceptions import FormatError
.venv\Lib\site-packages\jsonschema\exceptions.py:15: in <module>
    from referencing.exceptions import Unresolvable as _Unresolvable
.venv\Lib\site-packages\referencing\__init__.py:5: in <module>
    from referencing._core import Anchor, Registry, Resource, Specification
.venv\Lib\site-packages\referencing\_core.py:9: in <module>
    from rpds import HashTrieMap, HashTrieSet, List
.venv\Lib\site-packages\rpds\__init__.py:1: in <module>
    from .rpds import *
E   ModuleNotFoundError: No module named 'rpds.rpds'
_____________ ERROR collecting tests/test_worldline_ingestion.py ______________
ImportError while importing test module 'C:\Users\eqhsp\.antigravity\A2A_MCP\A2A_MCP\tests\test_worldline_ingestion.py'.
Hint: make sure your test modules/packages have valid Python names.
Traceback:
..\..\..\AppData\Local\Programs\Python\Python311\Lib\importlib\__init__.py:126: in import_module
    return _bootstrap._gcd_import(name[level:], package, level)
           ^^^^^^^^^^^^^^^^^^^^^^^^^^^^^^^^^^^^^^^^^^^^^^^^^^^^
tests\test_worldline_ingestion.py:4: in <module>
    from fastmcp import Client
.venv\Lib\site-packages\fastmcp\__init__.py:14: in <module>
    from fastmcp.server.server import FastMCP
.venv\Lib\site-packages\fastmcp\server\__init__.py:1: in <module>
    from .server import FastMCP
.venv\Lib\site-packages\fastmcp\server\server.py:21: in <module>
    import mcp.types
.venv\Lib\site-packages\mcp\__init__.py:1: in <module>
    from .client.session import ClientSession
.venv\Lib\site-packages\mcp\client\session.py:7: in <module>
    from jsonschema import SchemaError, ValidationError, validate
.venv\Lib\site-packages\jsonschema\__init__.py:13: in <module>
    from jsonschema._format import FormatChecker
.venv\Lib\site-packages\jsonschema\_format.py:11: in <module>
    from jsonschema.exceptions import FormatError
.venv\Lib\site-packages\jsonschema\exceptions.py:15: in <module>
    from referencing.exceptions import Unresolvable as _Unresolvable
.venv\Lib\site-packages\referencing\__init__.py:5: in <module>
    from referencing._core import Anchor, Registry, Resource, Specification
.venv\Lib\site-packages\referencing\_core.py:9: in <module>
    from rpds import HashTrieMap, HashTrieSet, List
.venv\Lib\site-packages\rpds\__init__.py:1: in <module>
    from .rpds import *
E   ModuleNotFoundError: No module named 'rpds.rpds'
============================== warnings summary ===============================
agents\sovereign\agents.py:38
  C:\Users\eqhsp\.antigravity\A2A_MCP\A2A_MCP\agents\sovereign\agents.py:38: PytestCollectionWarning: cannot collect test class 'TesterAgent' because it has a __init__ constructor (from: tests/test_phase9_merge.py)
    class TesterAgent(BaseAgent):

-- Docs: https://docs.pytest.org/en/stable/how-to/capture-warnings.html
=========================== short test summary info ===========================
ERROR tests/test_mcp_agents.py
ERROR tests/test_qube_forensics_validate.py
ERROR tests/test_runtime_mcp_server.py
ERROR tests/test_worldline_ingestion.py
!!!!!!!!!!!!!!!!!!! Interrupted: 4 errors during collection !!!!!!!!!!!!!!!!!!!
=================== 3 skipped, 1 warning, 4 errors in 7.63s ===================
