============================= test session starts =============================
platform win32 -- Python 3.11.9, pytest-9.0.2, pluggy-1.6.0
rootdir: C:\Users\eqhsp\.antigravity\A2A_MCP\A2A_MCP
configfile: pytest.ini (WARNING: ignoring pytest config in pyproject.toml!)
plugins: anyio-4.12.1, asyncio-1.3.0
asyncio: mode=Mode.AUTO, debug=False, asyncio_default_fixture_loop_scope=None, asyncio_default_test_loop_scope=function
collected 9 items

tests\test_ghost_void_spoke.py ....F....                                 [100%]

================================== FAILURES ===================================
________ TestGhostVoidSpokeSimulationMode.test_act_reset_resets_state _________
tests\test_ghost_void_spoke.py:60: in test_act_reset_resets_state
    assert sim_spoke.observe()["grid_pos"] != (5, 5)
E   assert (5, 5) != (5, 5)
---------------------------- Captured stdout setup ----------------------------
GhostVoidSpoke: Initialized. Connected to PhaseSpaceTick (Python Simulation).
=========================== short test summary info ===========================
FAILED tests/test_ghost_void_spoke.py::TestGhostVoidSpokeSimulationMode::test_act_reset_resets_state
========================= 1 failed, 8 passed in 0.67s =========================
