============================= test session starts =============================
platform win32 -- Python 3.11.9, pytest-9.0.2, pluggy-1.6.0 -- C:\Users\eqhsp\.antigravity\A2A_MCP\A2A_MCP\.venv\Scripts\python.exe
cachedir: .pytest_cache
rootdir: C:\Users\eqhsp\.antigravity\A2A_MCP\A2A_MCP
configfile: pytest.ini (WARNING: ignoring pytest config in pyproject.toml!)
plugins: anyio-4.12.1, asyncio-1.3.0
asyncio: mode=Mode.AUTO, debug=False, asyncio_default_fixture_loop_scope=None, asyncio_default_test_loop_scope=function
collecting ... collected 0 items / 1 error

=================================== ERRORS ====================================
______________ ERROR collecting tests/test_runtime_mcp_server.py ______________
ImportError while importing test module 'C:\Users\eqhsp\.antigravity\A2A_MCP\A2A_MCP\tests\test_runtime_mcp_server.py'.
Hint: make sure your test modules/packages have valid Python names.
Traceback:
runtime_mcp_server.py:13: in <module>
    from fastmcp import FastMCP
E   ModuleNotFoundError: No module named 'fastmcp'

During handling of the above exception, another exception occurred:
..\..\..\AppData\Local\Programs\Python\Python311\Lib\importlib\__init__.py:126: in import_module
    return _bootstrap._gcd_import(name[level:], package, level)
           ^^^^^^^^^^^^^^^^^^^^^^^^^^^^^^^^^^^^^^^^^^^^^^^^^^^^
tests\test_runtime_mcp_server.py:4: in <module>
    import runtime_mcp_server as runtime_server
runtime_mcp_server.py:15: in <module>
    from mcp.server.fastmcp import FastMCP
.venv\Lib\site-packages\mcp\__init__.py:2: in <module>
    from .client.session_group import ClientSessionGroup
.venv\Lib\site-packages\mcp\client\session_group.py:28: in <module>
    from mcp.client.stdio import StdioServerParameters
.venv\Lib\site-packages\mcp\client\stdio\__init__.py:17: in <module>
    from mcp.os.win32.utilities import (
.venv\Lib\site-packages\mcp\os\win32\utilities.py:22: in <module>
    import pywintypes
.venv\Lib\site-packages\win32\lib\pywintypes.py:124: in <module>
    __import_pywin32_system_module__("pywintypes", globals())
.venv\Lib\site-packages\win32\lib\pywintypes.py:50: in __import_pywin32_system_module__
    import _win32sysloader
E   ImportError: DLL load failed while importing _win32sysloader: The specified module could not be found.
=========================== short test summary info ===========================
ERROR tests/test_runtime_mcp_server.py
!!!!!!!!!!!!!!!!!!! Interrupted: 1 error during collection !!!!!!!!!!!!!!!!!!!!
============================== 1 error in 2.44s ===============================
